2019-02-28 11:28:18,047 - BrowserEngine - INFO - You had select Chrome browser.
2019-02-28 11:28:18,047 - BrowserEngine - INFO - The test server url is: http://127.0.0.1/forum.php
2019-02-28 11:28:20,517 - BrowserEngine - INFO - starting chrome browser.
2019-02-28 11:28:21,506 - BrowserEngine - INFO - open url:http://127.0.0.1/forum.php
2019-02-28 11:28:22,654 - BrowserEngine - INFO - Maximize the current window
2019-02-28 11:28:22,659 - BrowserEngine - INFO - set implicitly wait 10 seconds
2019-02-28 11:28:22,830 - BasePage - INFO - 输入内容：admin
2019-02-28 11:28:22,940 - BasePage - INFO - 输入内容：root
2019-02-28 11:28:23,023 - BasePage - INFO - click the link
2019-02-28 11:28:29,342 - BasePage - INFO - click the link
2019-02-28 11:28:29,478 - BasePage - INFO - 输入内容：haotest
2019-02-28 11:28:29,563 - BasePage - INFO - click the link
2019-02-28 11:28:29,567 - BasePage - INFO - switch_to_window
2019-02-28 11:28:30,771 - BasePage - INFO - click the link
2019-02-28 11:28:30,787 - BasePage - INFO - switch_to_window
2019-02-28 11:28:32,187 - BasePage - INFO - click the link
2019-02-28 11:28:32,188 - BrowserEngine - INFO - now,close and quit the browser
2019-02-28 11:28:41,097 - BrowserEngine - INFO - You had select Chrome browser.
2019-02-28 11:28:41,097 - BrowserEngine - INFO - The test server url is: http://127.0.0.1/forum.php
2019-02-28 11:28:43,927 - BrowserEngine - INFO - starting chrome browser.
2019-02-28 11:28:45,198 - BrowserEngine - INFO - open url:http://127.0.0.1/forum.php
2019-02-28 11:28:46,343 - BrowserEngine - INFO - Maximize the current window
2019-02-28 11:28:46,346 - BrowserEngine - INFO - set implicitly wait 10 seconds
2019-02-28 11:28:46,505 - BasePage - INFO - 输入内容：admin
2019-02-28 11:28:46,598 - BasePage - INFO - 输入内容：root
2019-02-28 11:28:46,699 - BasePage - INFO - click the link
2019-02-28 11:28:52,995 - BasePage - INFO - click the link
2019-02-28 11:28:53,464 - BasePage - INFO - click the link
2019-02-28 11:28:53,648 - BasePage - INFO - click the link
2019-02-28 11:28:53,890 - BasePage - INFO - click the link
2019-02-28 11:28:54,400 - BasePage - INFO - click the link
2019-02-28 11:28:56,551 - BasePage - INFO - click the link
2019-02-28 11:28:56,564 - BasePage - INFO - switch_to_window
2019-02-28 11:28:57,686 - BasePage - INFO - 输入内容：root
2019-02-28 11:29:20,251 - BasePage - INFO - click the link
2019-02-28 11:29:20,523 - BasePage - INFO - click the link
2019-02-28 11:29:20,582 - BasePage - INFO - driver.switch_to.frame
2019-02-28 11:29:20,722 - BasePage - INFO - click the link
2019-02-28 11:29:20,860 - BasePage - INFO - 输入内容：新增的板块
2019-02-28 11:29:21,135 - BasePage - INFO - click the link
2019-02-28 11:29:21,141 - BasePage - INFO - switch_to_window
2019-02-28 11:29:21,560 - BasePage - INFO - click the link
2019-02-28 11:29:21,589 - BasePage - INFO - switch_to_window
2019-02-28 11:29:21,881 - BasePage - INFO - click the link
2019-02-28 11:29:24,180 - BasePage - INFO - 输入内容：admin
2019-02-28 11:29:24,274 - BasePage - INFO - 输入内容：root
2019-02-28 11:29:24,344 - BasePage - INFO - click the link
2019-02-28 11:29:30,659 - BasePage - INFO - click the link
2019-02-28 11:29:34,010 - BasePage - INFO - click the link
2019-02-28 11:29:37,490 - BasePage - INFO - click the link
2019-02-28 11:29:37,652 - BasePage - INFO - 输入内容：新版块标题
2019-02-28 11:29:37,707 - BasePage - INFO - driver.switch_to.frame
2019-02-28 11:29:37,796 - BasePage - INFO - 输入内容：新版块内容
2019-02-28 11:29:37,813 - BasePage - INFO - switch_to_window
2019-02-28 11:29:37,896 - BasePage - INFO - click the link
2019-02-28 11:29:50,775 - BasePage - INFO - had take screenshot and save to folder:/scteenshots
2019-02-28 11:29:50,776 - BasePage - ERROR - failed find element with Message: 

2019-02-28 11:29:50,776 - BasePage - ERROR - failed to click the link with <pageobjects.discuz_return.DiscuzReturn object at 0x02D99FF0>
2019-02-28 11:29:51,137 - BasePage - INFO - had take screenshot and save to folder:/scteenshots
2019-02-28 11:29:51,141 - BasePage - INFO - switch_to_window
2019-02-28 11:30:01,985 - BasePage - INFO - had take screenshot and save to folder:/scteenshots
2019-02-28 11:30:01,986 - BasePage - ERROR - failed find element with Message: 

2019-02-28 11:30:01,986 - BrowserEngine - INFO - now,close and quit the browser
