2019-02-28 17:03:06,268 - BrowserEngine - INFO - You had select Chrome browser.
2019-02-28 17:03:06,268 - BrowserEngine - INFO - The test server url is: http://127.0.0.1/forum.php
2019-02-28 17:03:08,587 - BrowserEngine - INFO - starting chrome browser.
2019-02-28 17:03:09,351 - BrowserEngine - INFO - open url:http://127.0.0.1/forum.php
2019-02-28 17:03:10,526 - BrowserEngine - INFO - Maximize the current window
2019-02-28 17:03:10,527 - BrowserEngine - INFO - set implicitly wait 10 seconds
2019-02-28 17:03:10,679 - BasePage - INFO - 输入内容：admin
2019-02-28 17:03:10,792 - BasePage - INFO - 输入内容：root
2019-02-28 17:03:10,877 - BasePage - INFO - click the link
2019-02-28 17:03:17,250 - BasePage - INFO - click the link
2019-02-28 17:03:20,666 - BasePage - INFO - click the link
2019-02-28 17:03:24,173 - BasePage - INFO - click the link
2019-02-28 17:03:24,318 - BasePage - INFO - 输入内容：标题
2019-02-28 17:03:24,378 - BasePage - INFO - driver.switch_to.frame
2019-02-28 17:03:24,562 - BasePage - INFO - 输入内容：hello word
2019-02-28 17:03:24,567 - BasePage - INFO - switch_to_window
2019-02-28 17:03:24,739 - BasePage - INFO - click the link
2019-02-28 17:03:27,041 - BasePage - INFO - click the link
2019-02-28 17:03:27,046 - BasePage - INFO - switch_to_window
2019-02-28 17:03:27,374 - BasePage - INFO - 输入内容：这是回帖内容
2019-02-28 17:03:27,670 - BasePage - INFO - click the link
2019-02-28 17:03:29,973 - BasePage - INFO - click the link
2019-02-28 17:03:29,974 - BrowserEngine - INFO - now,close and quit the browser
